[ 2016-07-03T07:52:53+08:00 ] 121.42.0.64 /
INFO: [ app_init ] --START--
INFO: Run Behavior\BuildLiteBehavior [ RunTime:0.000018s ]
INFO: [ app_init ] --END-- [ RunTime:0.000416s ]
INFO: [ app_begin ] --START--
INFO: Run Behavior\ReadHtmlCacheBehavior [ RunTime:0.000640s ]
INFO: [ app_begin ] --END-- [ RunTime:0.000691s ]
NOTIC: [8192] mysql_connect(): The mysql extension is deprecated and will be removed in the future: use mysqli or PDO instead /data/home/qxu2063020067/htdocs/ThinkPHP/Library/Think/Session/Driver/Db.class.php 第 95 行.
SQL: SHOW COLUMNS FROM `yz_pro_list` [ RunTime:0.0013s ]
SQL: SELECT * FROM `yz_pro_list`  [ RunTime:0.0012s ]
SQL: SHOW COLUMNS FROM `yz_copyright` [ RunTime:0.0011s ]
SQL: SELECT * FROM `yz_copyright` LIMIT 1   [ RunTime:0.0004s ]
SQL: SHOW COLUMNS FROM `yz_img` [ RunTime:0.0009s ]
SQL: SELECT * FROM `yz_img` WHERE ( type!=1 )  [ RunTime:0.0005s ]
SQL: SHOW COLUMNS FROM `yz_index` [ RunTime:0.0011s ]
SQL: SELECT * FROM `yz_index` LIMIT 1   [ RunTime:0.0005s ]
SQL: SELECT * FROM `yz_pro_list` ORDER BY sort asc  [ RunTime:0.0009s ]
SQL: SHOW COLUMNS FROM `yz_pro_dlist` [ RunTime:0.0009s ]
SQL: SELECT * FROM `yz_pro_dlist`  [ RunTime:0.0005s ]
SQL: SELECT * FROM `yz_img` WHERE ( type=1 ) ORDER BY sort asc  [ RunTime:0.0004s ]
SQL: SELECT * FROM `yz_copyright` LIMIT 1   [ RunTime:0.0003s ]
SQL: SHOW COLUMNS FROM `yz_wubai` [ RunTime:0.0013s ]
SQL: SELECT * FROM `yz_wubai` WHERE ( typeid=1 )  [ RunTime:0.0004s ]
SQL: SELECT * FROM `yz_wubai` WHERE ( typeid=2 )  [ RunTime:0.0004s ]
SQL: SELECT * FROM `yz_wubai` WHERE ( typeid=3 )  [ RunTime:0.0004s ]
SQL: SELECT * FROM `yz_wubai` WHERE ( typeid=4 )  [ RunTime:0.0004s ]
SQL: SELECT * FROM `yz_wubai` WHERE ( typeid=5 )  [ RunTime:0.0004s ]
SQL: SHOW COLUMNS FROM `yz_yzser` [ RunTime:0.0009s ]
SQL: SELECT * FROM `yz_yzser` ORDER BY sort asc  [ RunTime:0.0013s ]
SQL: SELECT * FROM `yz_yzser` ORDER BY sort asc  [ RunTime:0.0009s ]
INFO: [ view_parse ] --START--
INFO: [ template_filter ] --START--
INFO: Run Behavior\ContentReplaceBehavior [ RunTime:0.000121s ]
INFO: [ template_filter ] --END-- [ RunTime:0.000169s ]
NOTIC: [8] Undefined variable: wulist /data/home/qxu2063020067/htdocs/Application/Runtime/Cache/Home/2a94b8bda04ff446dcedd42276fc99ee.php 第 376 行.
NOTIC: [8] Undefined variable: wulist /data/home/qxu2063020067/htdocs/Application/Runtime/Cache/Home/2a94b8bda04ff446dcedd42276fc99ee.php 第 416 行.
NOTIC: [8] Undefined variable: wulist /data/home/qxu2063020067/htdocs/Application/Runtime/Cache/Home/2a94b8bda04ff446dcedd42276fc99ee.php 第 456 行.
NOTIC: [8] Undefined variable: wulist /data/home/qxu2063020067/htdocs/Application/Runtime/Cache/Home/2a94b8bda04ff446dcedd42276fc99ee.php 第 496 行.
NOTIC: [8] Undefined variable: wulist /data/home/qxu2063020067/htdocs/Application/Runtime/Cache/Home/2a94b8bda04ff446dcedd42276fc99ee.php 第 536 行.
INFO: Run Behavior\ParseTemplateBehavior [ RunTime:0.024107s ]
INFO: [ view_parse ] --END-- [ RunTime:0.024156s ]
INFO: [ view_filter ] --START--
INFO: Run Behavior\WriteHtmlCacheBehavior [ RunTime:0.000265s ]
INFO: [ view_filter ] --END-- [ RunTime:0.000304s ]
INFO: [ app_end ] --START--
INFO: Run Behavior\ShowPageTraceBehavior [ RunTime:0.000543s ]
INFO: [ app_end ] --END-- [ RunTime:0.000604s ]

[ 2016-07-03T07:52:53+08:00 ] 121.42.0.64 /
INFO: [ app_init ] --START--
INFO: Run Behavior\BuildLiteBehavior [ RunTime:0.000019s ]
INFO: [ app_init ] --END-- [ RunTime:0.000415s ]
INFO: [ app_begin ] --START--
INFO: Run Behavior\ReadHtmlCacheBehavior [ RunTime:0.000490s ]
INFO: [ app_begin ] --END-- [ RunTime:0.000540s ]
NOTIC: [8192] mysql_connect(): The mysql extension is deprecated and will be removed in the future: use mysqli or PDO instead /data/home/qxu2063020067/htdocs/ThinkPHP/Library/Think/Session/Driver/Db.class.php 第 95 行.
SQL: SHOW COLUMNS FROM `yz_pro_list` [ RunTime:0.0011s ]
SQL: SELECT * FROM `yz_pro_list`  [ RunTime:0.0010s ]
SQL: SHOW COLUMNS FROM `yz_copyright` [ RunTime:0.0007s ]
SQL: SELECT * FROM `yz_copyright` LIMIT 1   [ RunTime:0.0003s ]
SQL: SHOW COLUMNS FROM `yz_img` [ RunTime:0.0008s ]
SQL: SELECT * FROM `yz_img` WHERE ( type!=1 )  [ RunTime:0.0004s ]
SQL: SHOW COLUMNS FROM `yz_index` [ RunTime:0.0009s ]
SQL: SELECT * FROM `yz_index` LIMIT 1   [ RunTime:0.0007s ]
SQL: SELECT * FROM `yz_pro_list` ORDER BY sort asc  [ RunTime:0.0007s ]
SQL: SHOW COLUMNS FROM `yz_pro_dlist` [ RunTime:0.0007s ]
SQL: SELECT * FROM `yz_pro_dlist`  [ RunTime:0.0003s ]
SQL: SELECT * FROM `yz_img` WHERE ( type=1 ) ORDER BY sort asc  [ RunTime:0.0003s ]
SQL: SELECT * FROM `yz_copyright` LIMIT 1   [ RunTime:0.0003s ]
SQL: SHOW COLUMNS FROM `yz_wubai` [ RunTime:0.0007s ]
SQL: SELECT * FROM `yz_wubai` WHERE ( typeid=1 )  [ RunTime:0.0003s ]
SQL: SELECT * FROM `yz_wubai` WHERE ( typeid=2 )  [ RunTime:0.0003s ]
SQL: SELECT * FROM `yz_wubai` WHERE ( typeid=3 )  [ RunTime:0.0003s ]
SQL: SELECT * FROM `yz_wubai` WHERE ( typeid=4 )  [ RunTime:0.0005s ]
SQL: SELECT * FROM `yz_wubai` WHERE ( typeid=5 )  [ RunTime:0.0003s ]
SQL: SHOW COLUMNS FROM `yz_yzser` [ RunTime:0.0008s ]
SQL: SELECT * FROM `yz_yzser` ORDER BY sort asc  [ RunTime:0.0010s ]
SQL: SELECT * FROM `yz_yzser` ORDER BY sort asc  [ RunTime:0.0009s ]
INFO: [ view_parse ] --START--
INFO: [ template_filter ] --START--
INFO: Run Behavior\ContentReplaceBehavior [ RunTime:0.000124s ]
INFO: [ template_filter ] --END-- [ RunTime:0.000174s ]
NOTIC: [8] Undefined variable: wulist /data/home/qxu2063020067/htdocs/Application/Runtime/Cache/Home/2a94b8bda04ff446dcedd42276fc99ee.php 第 376 行.
NOTIC: [8] Undefined variable: wulist /data/home/qxu2063020067/htdocs/Application/Runtime/Cache/Home/2a94b8bda04ff446dcedd42276fc99ee.php 第 416 行.
NOTIC: [8] Undefined variable: wulist /data/home/qxu2063020067/htdocs/Application/Runtime/Cache/Home/2a94b8bda04ff446dcedd42276fc99ee.php 第 456 行.
NOTIC: [8] Undefined variable: wulist /data/home/qxu2063020067/htdocs/Application/Runtime/Cache/Home/2a94b8bda04ff446dcedd42276fc99ee.php 第 496 行.
NOTIC: [8] Undefined variable: wulist /data/home/qxu2063020067/htdocs/Application/Runtime/Cache/Home/2a94b8bda04ff446dcedd42276fc99ee.php 第 536 行.
INFO: Run Behavior\ParseTemplateBehavior [ RunTime:0.023307s ]
INFO: [ view_parse ] --END-- [ RunTime:0.023355s ]
INFO: [ view_filter ] --START--
INFO: Run Behavior\WriteHtmlCacheBehavior [ RunTime:0.000236s ]
INFO: [ view_filter ] --END-- [ RunTime:0.000275s ]
INFO: [ app_end ] --START--
INFO: Run Behavior\ShowPageTraceBehavior [ RunTime:0.000538s ]
INFO: [ app_end ] --END-- [ RunTime:0.000588s ]

[ 2016-07-03T08:52:12+08:00 ] 123.125.71.84 /index.php/Home/Index/intro_intro.html?type=1
INFO: [ app_init ] --START--
INFO: Run Behavior\BuildLiteBehavior [ RunTime:0.000021s ]
INFO: [ app_init ] --END-- [ RunTime:0.000457s ]
INFO: [ app_begin ] --START--
INFO: Run Behavior\ReadHtmlCacheBehavior [ RunTime:0.000552s ]
INFO: [ app_begin ] --END-- [ RunTime:0.000603s ]
NOTIC: [8192] mysql_connect(): The mysql extension is deprecated and will be removed in the future: use mysqli or PDO instead /data/home/qxu2063020067/htdocs/ThinkPHP/Library/Think/Session/Driver/Db.class.php 第 95 行.
SQL: SHOW COLUMNS FROM `yz_pro_list` [ RunTime:0.0012s ]
SQL: SELECT * FROM `yz_pro_list`  [ RunTime:0.0016s ]
SQL: SHOW COLUMNS FROM `yz_copyright` [ RunTime:0.0010s ]
SQL: SELECT * FROM `yz_copyright` LIMIT 1   [ RunTime:0.0004s ]
SQL: SHOW COLUMNS FROM `yz_img` [ RunTime:0.0009s ]
SQL: SELECT * FROM `yz_img` WHERE ( type!=1 )  [ RunTime:0.0006s ]
SQL: SHOW COLUMNS FROM `yz_index` [ RunTime:0.0013s ]
SQL: SELECT * FROM `yz_index` LIMIT 1   [ RunTime:0.0006s ]
SQL: SELECT * FROM `yz_pro_list` ORDER BY sort asc  [ RunTime:0.0009s ]
SQL: SHOW COLUMNS FROM `yz_pro_dlist` [ RunTime:0.0008s ]
SQL: SELECT * FROM `yz_pro_dlist`  [ RunTime:0.0004s ]
SQL: SHOW COLUMNS FROM `yz_intro_intro` [ RunTime:0.0009s ]
SQL: SELECT * FROM `yz_intro_intro` WHERE ( type=1 ) LIMIT 1   [ RunTime:0.0006s ]
INFO: [ view_parse ] --START--
INFO: [ template_filter ] --START--
INFO: Run Behavior\ContentReplaceBehavior [ RunTime:0.000059s ]
INFO: [ template_filter ] --END-- [ RunTime:0.000106s ]
INFO: Run Behavior\ParseTemplateBehavior [ RunTime:0.017533s ]
INFO: [ view_parse ] --END-- [ RunTime:0.017607s ]
INFO: [ view_filter ] --START--
INFO: Run Behavior\WriteHtmlCacheBehavior [ RunTime:0.000256s ]
INFO: [ view_filter ] --END-- [ RunTime:0.000293s ]
INFO: [ app_end ] --START--
INFO: Run Behavior\ShowPageTraceBehavior [ RunTime:0.000536s ]
INFO: [ app_end ] --END-- [ RunTime:0.000586s ]

[ 2016-07-03T09:25:32+08:00 ] 220.181.108.77 /index.php/Home/Index/pro_detail.html
INFO: [ app_init ] --START--
INFO: Run Behavior\BuildLiteBehavior [ RunTime:0.000020s ]
INFO: [ app_init ] --END-- [ RunTime:0.000457s ]
INFO: [ app_begin ] --START--
INFO: Run Behavior\ReadHtmlCacheBehavior [ RunTime:0.000514s ]
INFO: [ app_begin ] --END-- [ RunTime:0.000568s ]
NOTIC: [8192] mysql_connect(): The mysql extension is deprecated and will be removed in the future: use mysqli or PDO instead /data/home/qxu2063020067/htdocs/ThinkPHP/Library/Think/Session/Driver/Db.class.php 第 95 行.
SQL: SHOW COLUMNS FROM `yz_pro_list` [ RunTime:0.0012s ]
SQL: SELECT * FROM `yz_pro_list`  [ RunTime:0.0012s ]
SQL: SHOW COLUMNS FROM `yz_copyright` [ RunTime:0.0008s ]
SQL: SELECT * FROM `yz_copyright` LIMIT 1   [ RunTime:0.0004s ]
SQL: SHOW COLUMNS FROM `yz_img` [ RunTime:0.0009s ]
SQL: SELECT * FROM `yz_img` WHERE ( type!=1 )  [ RunTime:0.0004s ]
SQL: SHOW COLUMNS FROM `yz_index` [ RunTime:0.0011s ]
SQL: SELECT * FROM `yz_index` LIMIT 1   [ RunTime:0.0005s ]
SQL: SELECT * FROM `yz_pro_list` ORDER BY sort asc  [ RunTime:0.0009s ]
SQL: SHOW COLUMNS FROM `yz_pro_dlist` [ RunTime:0.0010s ]
SQL: SELECT * FROM `yz_pro_dlist`  [ RunTime:0.0005s ]
SQL: SELECT * FROM `yz_pro_list` ORDER BY sort asc  [ RunTime:0.0005s ]
SQL: SHOW COLUMNS FROM `yz_pro_detail` [ RunTime:0.0009s ]
SQL: SELECT * FROM `yz_pro_detail` WHERE ( sort=0 ) LIMIT 1   [ RunTime:0.0004s ]
SQL: SELECT * FROM `yz_pro_detail` WHERE ( sort>0 ) ORDER BY sort asc  [ RunTime:0.0005s ]
INFO: [ view_parse ] --START--
INFO: [ template_filter ] --START--
INFO: Run Behavior\ContentReplaceBehavior [ RunTime:0.000091s ]
INFO: [ template_filter ] --END-- [ RunTime:0.000158s ]
INFO: Run Behavior\ParseTemplateBehavior [ RunTime:0.016220s ]
INFO: [ view_parse ] --END-- [ RunTime:0.016277s ]
INFO: [ view_filter ] --START--
INFO: Run Behavior\WriteHtmlCacheBehavior [ RunTime:0.000249s ]
INFO: [ view_filter ] --END-- [ RunTime:0.000288s ]
INFO: [ app_end ] --START--
INFO: Run Behavior\ShowPageTraceBehavior [ RunTime:0.001004s ]
INFO: [ app_end ] --END-- [ RunTime:0.001099s ]

[ 2016-07-03T10:02:37+08:00 ] 121.42.0.85 /
INFO: [ app_init ] --START--
INFO: Run Behavior\BuildLiteBehavior [ RunTime:0.000019s ]
INFO: [ app_init ] --END-- [ RunTime:0.000404s ]
INFO: [ app_begin ] --START--
INFO: Run Behavior\ReadHtmlCacheBehavior [ RunTime:0.000631s ]
INFO: [ app_begin ] --END-- [ RunTime:0.000681s ]
NOTIC: [8192] mysql_connect(): The mysql extension is deprecated and will be removed in the future: use mysqli or PDO instead /data/home/qxu2063020067/htdocs/ThinkPHP/Library/Think/Session/Driver/Db.class.php 第 95 行.
SQL: SHOW COLUMNS FROM `yz_pro_list` [ RunTime:0.0013s ]
SQL: SELECT * FROM `yz_pro_list`  [ RunTime:0.0014s ]
SQL: SHOW COLUMNS FROM `yz_copyright` [ RunTime:0.0009s ]
SQL: SELECT * FROM `yz_copyright` LIMIT 1   [ RunTime:0.0004s ]
SQL: SHOW COLUMNS FROM `yz_img` [ RunTime:0.0009s ]
SQL: SELECT * FROM `yz_img` WHERE ( type!=1 )  [ RunTime:0.0004s ]
SQL: SHOW COLUMNS FROM `yz_index` [ RunTime:0.0011s ]
SQL: SELECT * FROM `yz_index` LIMIT 1   [ RunTime:0.0004s ]
SQL: SELECT * FROM `yz_pro_list` ORDER BY sort asc  [ RunTime:0.0009s ]
SQL: SHOW COLUMNS FROM `yz_pro_dlist` [ RunTime:0.0008s ]
SQL: SELECT * FROM `yz_pro_dlist`  [ RunTime:0.0004s ]
SQL: SELECT * FROM `yz_img` WHERE ( type=1 ) ORDER BY sort asc  [ RunTime:0.0004s ]
SQL: SELECT * FROM `yz_copyright` LIMIT 1   [ RunTime:0.0003s ]
SQL: SHOW COLUMNS FROM `yz_wubai` [ RunTime:0.0009s ]
SQL: SELECT * FROM `yz_wubai` WHERE ( typeid=1 )  [ RunTime:0.0004s ]
SQL: SELECT * FROM `yz_wubai` WHERE ( typeid=2 )  [ RunTime:0.0004s ]
SQL: SELECT * FROM `yz_wubai` WHERE ( typeid=3 )  [ RunTime:0.0004s ]
SQL: SELECT * FROM `yz_wubai` WHERE ( typeid=4 )  [ RunTime:0.0005s ]
SQL: SELECT * FROM `yz_wubai` WHERE ( typeid=5 )  [ RunTime:0.0005s ]
SQL: SHOW COLUMNS FROM `yz_yzser` [ RunTime:0.0009s ]
SQL: SELECT * FROM `yz_yzser` ORDER BY sort asc  [ RunTime:0.0014s ]
SQL: SELECT * FROM `yz_yzser` ORDER BY sort asc  [ RunTime:0.0009s ]
INFO: [ view_parse ] --START--
INFO: [ template_filter ] --START--
INFO: Run Behavior\ContentReplaceBehavior [ RunTime:0.000132s ]
INFO: [ template_filter ] --END-- [ RunTime:0.000193s ]
NOTIC: [8] Undefined variable: wulist /data/home/qxu2063020067/htdocs/Application/Runtime/Cache/Home/2a94b8bda04ff446dcedd42276fc99ee.php 第 376 行.
NOTIC: [8] Undefined variable: wulist /data/home/qxu2063020067/htdocs/Application/Runtime/Cache/Home/2a94b8bda04ff446dcedd42276fc99ee.php 第 416 行.
NOTIC: [8] Undefined variable: wulist /data/home/qxu2063020067/htdocs/Application/Runtime/Cache/Home/2a94b8bda04ff446dcedd42276fc99ee.php 第 456 行.
NOTIC: [8] Undefined variable: wulist /data/home/qxu2063020067/htdocs/Application/Runtime/Cache/Home/2a94b8bda04ff446dcedd42276fc99ee.php 第 496 行.
NOTIC: [8] Undefined variable: wulist /data/home/qxu2063020067/htdocs/Application/Runtime/Cache/Home/2a94b8bda04ff446dcedd42276fc99ee.php 第 536 行.
INFO: Run Behavior\ParseTemplateBehavior [ RunTime:0.024343s ]
INFO: [ view_parse ] --END-- [ RunTime:0.024397s ]
INFO: [ view_filter ] --START--
INFO: Run Behavior\WriteHtmlCacheBehavior [ RunTime:0.000273s ]
INFO: [ view_filter ] --END-- [ RunTime:0.000312s ]
INFO: [ app_end ] --START--
INFO: Run Behavior\ShowPageTraceBehavior [ RunTime:0.000546s ]
INFO: [ app_end ] --END-- [ RunTime:0.000595s ]

[ 2016-07-03T11:54:24+08:00 ] 220.181.108.84 /index.php/Home/Index/intro_intro.html?type=1
INFO: [ app_init ] --START--
INFO: Run Behavior\BuildLiteBehavior [ RunTime:0.000023s ]
INFO: [ app_init ] --END-- [ RunTime:0.000469s ]
INFO: [ app_begin ] --START--
INFO: Run Behavior\ReadHtmlCacheBehavior [ RunTime:0.000528s ]
INFO: [ app_begin ] --END-- [ RunTime:0.000580s ]
NOTIC: [8192] mysql_connect(): The mysql extension is deprecated and will be removed in the future: use mysqli or PDO instead /data/home/qxu2063020067/htdocs/ThinkPHP/Library/Think/Session/Driver/Db.class.php 第 95 行.
SQL: SHOW COLUMNS FROM `yz_pro_list` [ RunTime:0.0013s ]
SQL: SELECT * FROM `yz_pro_list`  [ RunTime:0.0014s ]
SQL: SHOW COLUMNS FROM `yz_copyright` [ RunTime:0.0009s ]
SQL: SELECT * FROM `yz_copyright` LIMIT 1   [ RunTime:0.0004s ]
SQL: SHOW COLUMNS FROM `yz_img` [ RunTime:0.0009s ]
SQL: SELECT * FROM `yz_img` WHERE ( type!=1 )  [ RunTime:0.0004s ]
SQL: SHOW COLUMNS FROM `yz_index` [ RunTime:0.0011s ]
SQL: SELECT * FROM `yz_index` LIMIT 1   [ RunTime:0.0005s ]
SQL: SELECT * FROM `yz_pro_list` ORDER BY sort asc  [ RunTime:0.0010s ]
SQL: SHOW COLUMNS FROM `yz_pro_dlist` [ RunTime:0.0009s ]
SQL: SELECT * FROM `yz_pro_dlist`  [ RunTime:0.0004s ]
SQL: SHOW COLUMNS FROM `yz_intro_intro` [ RunTime:0.0008s ]
SQL: SELECT * FROM `yz_intro_intro` WHERE ( type=1 ) LIMIT 1   [ RunTime:0.0006s ]
INFO: [ view_parse ] --START--
INFO: [ template_filter ] --START--
INFO: Run Behavior\ContentReplaceBehavior [ RunTime:0.000060s ]
INFO: [ template_filter ] --END-- [ RunTime:0.000107s ]
INFO: Run Behavior\ParseTemplateBehavior [ RunTime:0.014551s ]
INFO: [ view_parse ] --END-- [ RunTime:0.014605s ]
INFO: [ view_filter ] --START--
INFO: Run Behavior\WriteHtmlCacheBehavior [ RunTime:0.000235s ]
INFO: [ view_filter ] --END-- [ RunTime:0.000272s ]
INFO: [ app_end ] --START--
INFO: Run Behavior\ShowPageTraceBehavior [ RunTime:0.000545s ]
INFO: [ app_end ] --END-- [ RunTime:0.000595s ]

[ 2016-07-03T12:27:45+08:00 ] 220.181.108.182 /
INFO: [ app_init ] --START--
INFO: Run Behavior\BuildLiteBehavior [ RunTime:0.000021s ]
INFO: [ app_init ] --END-- [ RunTime:0.000424s ]
INFO: [ app_begin ] --START--
INFO: Run Behavior\ReadHtmlCacheBehavior [ RunTime:0.000531s ]
INFO: [ app_begin ] --END-- [ RunTime:0.000583s ]
NOTIC: [8192] mysql_connect(): The mysql extension is deprecated and will be removed in the future: use mysqli or PDO instead /data/home/qxu2063020067/htdocs/ThinkPHP/Library/Think/Session/Driver/Db.class.php 第 95 行.
SQL: SHOW COLUMNS FROM `yz_pro_list` [ RunTime:0.0013s ]
SQL: SELECT * FROM `yz_pro_list`  [ RunTime:0.0012s ]
SQL: SHOW COLUMNS FROM `yz_copyright` [ RunTime:0.0009s ]
SQL: SELECT * FROM `yz_copyright` LIMIT 1   [ RunTime:0.0004s ]
SQL: SHOW COLUMNS FROM `yz_img` [ RunTime:0.0009s ]
SQL: SELECT * FROM `yz_img` WHERE ( type!=1 )  [ RunTime:0.0004s ]
SQL: SHOW COLUMNS FROM `yz_index` [ RunTime:0.0011s ]
SQL: SELECT * FROM `yz_index` LIMIT 1   [ RunTime:0.0004s ]
SQL: SELECT * FROM `yz_pro_list` ORDER BY sort asc  [ RunTime:0.0009s ]
SQL: SHOW COLUMNS FROM `yz_pro_dlist` [ RunTime:0.0008s ]
SQL: SELECT * FROM `yz_pro_dlist`  [ RunTime:0.0004s ]
SQL: SELECT * FROM `yz_img` WHERE ( type=1 ) ORDER BY sort asc  [ RunTime:0.0004s ]
SQL: SELECT * FROM `yz_copyright` LIMIT 1   [ RunTime:0.0003s ]
SQL: SHOW COLUMNS FROM `yz_wubai` [ RunTime:0.0008s ]
SQL: SELECT * FROM `yz_wubai` WHERE ( typeid=1 )  [ RunTime:0.0004s ]
SQL: SELECT * FROM `yz_wubai` WHERE ( typeid=2 )  [ RunTime:0.0004s ]
SQL: SELECT * FROM `yz_wubai` WHERE ( typeid=3 )  [ RunTime:0.0004s ]
SQL: SELECT * FROM `yz_wubai` WHERE ( typeid=4 )  [ RunTime:0.0004s ]
SQL: SELECT * FROM `yz_wubai` WHERE ( typeid=5 )  [ RunTime:0.0004s ]
SQL: SHOW COLUMNS FROM `yz_yzser` [ RunTime:0.0009s ]
SQL: SELECT * FROM `yz_yzser` ORDER BY sort asc  [ RunTime:0.0013s ]
SQL: SELECT * FROM `yz_yzser` ORDER BY sort asc  [ RunTime:0.0010s ]
INFO: [ view_parse ] --START--
INFO: [ template_filter ] --START--
INFO: Run Behavior\ContentReplaceBehavior [ RunTime:0.000125s ]
INFO: [ template_filter ] --END-- [ RunTime:0.000180s ]
NOTIC: [8] Undefined variable: wulist /data/home/qxu2063020067/htdocs/Application/Runtime/Cache/Home/2a94b8bda04ff446dcedd42276fc99ee.php 第 376 行.
NOTIC: [8] Undefined variable: wulist /data/home/qxu2063020067/htdocs/Application/Runtime/Cache/Home/2a94b8bda04ff446dcedd42276fc99ee.php 第 416 行.
NOTIC: [8] Undefined variable: wulist /data/home/qxu2063020067/htdocs/Application/Runtime/Cache/Home/2a94b8bda04ff446dcedd42276fc99ee.php 第 456 行.
NOTIC: [8] Undefined variable: wulist /data/home/qxu2063020067/htdocs/Application/Runtime/Cache/Home/2a94b8bda04ff446dcedd42276fc99ee.php 第 496 行.
NOTIC: [8] Undefined variable: wulist /data/home/qxu2063020067/htdocs/Application/Runtime/Cache/Home/2a94b8bda04ff446dcedd42276fc99ee.php 第 536 行.
INFO: Run Behavior\ParseTemplateBehavior [ RunTime:0.025587s ]
INFO: [ view_parse ] --END-- [ RunTime:0.025639s ]
INFO: [ view_filter ] --START--
INFO: Run Behavior\WriteHtmlCacheBehavior [ RunTime:0.000244s ]
INFO: [ view_filter ] --END-- [ RunTime:0.000282s ]
INFO: [ app_end ] --START--
INFO: Run Behavior\ShowPageTraceBehavior [ RunTime:0.000634s ]
INFO: [ app_end ] --END-- [ RunTime:0.000684s ]

[ 2016-07-03T14:54:15+08:00 ] 123.125.71.22 /index.php/Home/Index/intro_intro.html?type=1
INFO: [ app_init ] --START--
INFO: Run Behavior\BuildLiteBehavior [ RunTime:0.000020s ]
INFO: [ app_init ] --END-- [ RunTime:0.000406s ]
INFO: [ app_begin ] --START--
INFO: Run Behavior\ReadHtmlCacheBehavior [ RunTime:0.000588s ]
INFO: [ app_begin ] --END-- [ RunTime:0.000638s ]
NOTIC: [8192] mysql_connect(): The mysql extension is deprecated and will be removed in the future: use mysqli or PDO instead /data/home/qxu2063020067/htdocs/ThinkPHP/Library/Think/Session/Driver/Db.class.php 第 95 行.
SQL: SHOW COLUMNS FROM `yz_pro_list` [ RunTime:0.0013s ]
SQL: SELECT * FROM `yz_pro_list`  [ RunTime:0.0020s ]
SQL: SHOW COLUMNS FROM `yz_copyright` [ RunTime:0.0011s ]
SQL: SELECT * FROM `yz_copyright` LIMIT 1   [ RunTime:0.0005s ]
SQL: SHOW COLUMNS FROM `yz_img` [ RunTime:0.0024s ]
SQL: SELECT * FROM `yz_img` WHERE ( type!=1 )  [ RunTime:0.0005s ]
SQL: SHOW COLUMNS FROM `yz_index` [ RunTime:0.0012s ]
SQL: SELECT * FROM `yz_index` LIMIT 1   [ RunTime:0.0006s ]
SQL: SELECT * FROM `yz_pro_list` ORDER BY sort asc  [ RunTime:0.0010s ]
SQL: SHOW COLUMNS FROM `yz_pro_dlist` [ RunTime:0.0008s ]
SQL: SELECT * FROM `yz_pro_dlist`  [ RunTime:0.0009s ]
SQL: SHOW COLUMNS FROM `yz_intro_intro` [ RunTime:0.0010s ]
SQL: SELECT * FROM `yz_intro_intro` WHERE ( type=1 ) LIMIT 1   [ RunTime:0.0008s ]
INFO: [ view_parse ] --START--
INFO: [ template_filter ] --START--
INFO: Run Behavior\ContentReplaceBehavior [ RunTime:0.000059s ]
INFO: [ template_filter ] --END-- [ RunTime:0.000105s ]
INFO: Run Behavior\ParseTemplateBehavior [ RunTime:0.012383s ]
INFO: [ view_parse ] --END-- [ RunTime:0.012440s ]
INFO: [ view_filter ] --START--
INFO: Run Behavior\WriteHtmlCacheBehavior [ RunTime:0.000267s ]
INFO: [ view_filter ] --END-- [ RunTime:0.000304s ]
INFO: [ app_end ] --START--
INFO: Run Behavior\ShowPageTraceBehavior [ RunTime:0.000563s ]
INFO: [ app_end ] --END-- [ RunTime:0.000613s ]

[ 2016-07-03T15:49:17+08:00 ] 36.248.113.204 /
INFO: [ app_init ] --START--
INFO: Run Behavior\BuildLiteBehavior [ RunTime:0.000029s ]
INFO: [ app_init ] --END-- [ RunTime:0.000465s ]
INFO: [ app_begin ] --START--
INFO: Run Behavior\ReadHtmlCacheBehavior [ RunTime:0.000500s ]
INFO: [ app_begin ] --END-- [ RunTime:0.000550s ]
NOTIC: [8192] mysql_connect(): The mysql extension is deprecated and will be removed in the future: use mysqli or PDO instead /data/home/qxu2063020067/htdocs/ThinkPHP/Library/Think/Session/Driver/Db.class.php 第 95 行.
SQL: SHOW COLUMNS FROM `yz_pro_list` [ RunTime:0.0013s ]
SQL: SELECT * FROM `yz_pro_list`  [ RunTime:0.0017s ]
SQL: SHOW COLUMNS FROM `yz_copyright` [ RunTime:0.0009s ]
SQL: SELECT * FROM `yz_copyright` LIMIT 1   [ RunTime:0.0004s ]
SQL: SHOW COLUMNS FROM `yz_img` [ RunTime:0.0009s ]
SQL: SELECT * FROM `yz_img` WHERE ( type!=1 )  [ RunTime:0.0004s ]
SQL: SHOW COLUMNS FROM `yz_index` [ RunTime:0.0011s ]
SQL: SELECT * FROM `yz_index` LIMIT 1   [ RunTime:0.0005s ]
SQL: SELECT * FROM `yz_pro_list` ORDER BY sort asc  [ RunTime:0.0023s ]
SQL: SHOW COLUMNS FROM `yz_pro_dlist` [ RunTime:0.0031s ]
SQL: SELECT * FROM `yz_pro_dlist`  [ RunTime:0.0012s ]
SQL: SELECT * FROM `yz_img` WHERE ( type=1 ) ORDER BY sort asc  [ RunTime:0.0005s ]
SQL: SELECT * FROM `yz_copyright` LIMIT 1   [ RunTime:0.0003s ]
SQL: SHOW COLUMNS FROM `yz_wubai` [ RunTime:0.0012s ]
SQL: SELECT * FROM `yz_wubai` WHERE ( typeid=1 )  [ RunTime:0.0004s ]
SQL: SELECT * FROM `yz_wubai` WHERE ( typeid=2 )  [ RunTime:0.0004s ]
SQL: SELECT * FROM `yz_wubai` WHERE ( typeid=3 )  [ RunTime:0.0004s ]
SQL: SELECT * FROM `yz_wubai` WHERE ( typeid=4 )  [ RunTime:0.0020s ]
SQL: SELECT * FROM `yz_wubai` WHERE ( typeid=5 )  [ RunTime:0.0004s ]
SQL: SHOW COLUMNS FROM `yz_yzser` [ RunTime:0.0009s ]
SQL: SELECT * FROM `yz_yzser` ORDER BY sort asc  [ RunTime:0.0015s ]
SQL: SELECT * FROM `yz_yzser` ORDER BY sort asc  [ RunTime:0.0009s ]
INFO: [ view_parse ] --START--
INFO: [ template_filter ] --START--
INFO: Run Behavior\ContentReplaceBehavior [ RunTime:0.000153s ]
INFO: [ template_filter ] --END-- [ RunTime:0.000230s ]
NOTIC: [8] Undefined variable: wulist /data/home/qxu2063020067/htdocs/Application/Runtime/Cache/Home/2a94b8bda04ff446dcedd42276fc99ee.php 第 376 行.
NOTIC: [8] Undefined variable: wulist /data/home/qxu2063020067/htdocs/Application/Runtime/Cache/Home/2a94b8bda04ff446dcedd42276fc99ee.php 第 416 行.
NOTIC: [8] Undefined variable: wulist /data/home/qxu2063020067/htdocs/Application/Runtime/Cache/Home/2a94b8bda04ff446dcedd42276fc99ee.php 第 456 行.
NOTIC: [8] Undefined variable: wulist /data/home/qxu2063020067/htdocs/Application/Runtime/Cache/Home/2a94b8bda04ff446dcedd42276fc99ee.php 第 496 行.
NOTIC: [8] Undefined variable: wulist /data/home/qxu2063020067/htdocs/Application/Runtime/Cache/Home/2a94b8bda04ff446dcedd42276fc99ee.php 第 536 行.
INFO: Run Behavior\ParseTemplateBehavior [ RunTime:0.025018s ]
INFO: [ view_parse ] --END-- [ RunTime:0.025071s ]
INFO: [ view_filter ] --START--
INFO: Run Behavior\WriteHtmlCacheBehavior [ RunTime:0.000266s ]
INFO: [ view_filter ] --END-- [ RunTime:0.000304s ]
INFO: [ app_end ] --START--
INFO: Run Behavior\ShowPageTraceBehavior [ RunTime:0.000565s ]
INFO: [ app_end ] --END-- [ RunTime:0.000609s ]

[ 2016-07-03T15:49:18+08:00 ] 36.248.113.204 //index.php/Home/Index/contact.html
INFO: [ app_init ] --START--
INFO: Run Behavior\BuildLiteBehavior [ RunTime:0.000018s ]
INFO: [ app_init ] --END-- [ RunTime:0.000427s ]
INFO: [ app_begin ] --START--
INFO: Run Behavior\ReadHtmlCacheBehavior [ RunTime:0.000495s ]
INFO: [ app_begin ] --END-- [ RunTime:0.000544s ]
NOTIC: [8192] mysql_connect(): The mysql extension is deprecated and will be removed in the future: use mysqli or PDO instead /data/home/qxu2063020067/htdocs/ThinkPHP/Library/Think/Session/Driver/Db.class.php 第 95 行.
SQL: SHOW COLUMNS FROM `yz_pro_list` [ RunTime:0.0010s ]
SQL: SELECT * FROM `yz_pro_list`  [ RunTime:0.0095s ]
SQL: SHOW COLUMNS FROM `yz_copyright` [ RunTime:0.0013s ]
SQL: SELECT * FROM `yz_copyright` LIMIT 1   [ RunTime:0.0003s ]
SQL: SHOW COLUMNS FROM `yz_img` [ RunTime:0.0008s ]
SQL: SELECT * FROM `yz_img` WHERE ( type!=1 )  [ RunTime:0.0003s ]
SQL: SHOW COLUMNS FROM `yz_index` [ RunTime:0.0012s ]
SQL: SELECT * FROM `yz_index` LIMIT 1   [ RunTime:0.0003s ]
SQL: SELECT * FROM `yz_pro_list` ORDER BY sort asc  [ RunTime:0.0007s ]
SQL: SHOW COLUMNS FROM `yz_pro_dlist` [ RunTime:0.0006s ]
SQL: SELECT * FROM `yz_pro_dlist`  [ RunTime:0.0003s ]
SQL: SHOW COLUMNS FROM `yz_contact_info` [ RunTime:0.0010s ]
SQL: SELECT * FROM `yz_contact_info` LIMIT 1   [ RunTime:0.0005s ]
INFO: [ view_parse ] --START--
INFO: [ template_filter ] --START--
INFO: Run Behavior\ContentReplaceBehavior [ RunTime:0.000110s ]
INFO: [ template_filter ] --END-- [ RunTime:0.000187s ]
NOTIC: [8] Undefined variable: id /data/home/qxu2063020067/htdocs/Application/Runtime/Cache/Home/a873315f4d7930e02d8853d9439fbb36.php 第 247 行.
INFO: Run Behavior\ParseTemplateBehavior [ RunTime:0.246079s ]
INFO: [ view_parse ] --END-- [ RunTime:0.246153s ]
INFO: [ view_filter ] --START--
INFO: Run Behavior\WriteHtmlCacheBehavior [ RunTime:0.000290s ]
INFO: [ view_filter ] --END-- [ RunTime:0.000329s ]
INFO: [ app_end ] --START--
INFO: Run Behavior\ShowPageTraceBehavior [ RunTime:0.000604s ]
INFO: [ app_end ] --END-- [ RunTime:0.000651s ]

