[ 2016-07-05T06:30:44+08:00 ] 42.156.251.185 /
INFO: [ app_init ] --START--
INFO: Run Behavior\BuildLiteBehavior [ RunTime:0.000018s ]
INFO: [ app_init ] --END-- [ RunTime:0.000467s ]
INFO: [ app_begin ] --START--
INFO: Run Behavior\ReadHtmlCacheBehavior [ RunTime:0.000493s ]
INFO: [ app_begin ] --END-- [ RunTime:0.000541s ]
NOTIC: [8192] mysql_connect(): The mysql extension is deprecated and will be removed in the future: use mysqli or PDO instead /data/home/qxu2063020067/htdocs/ThinkPHP/Library/Think/Session/Driver/Db.class.php 第 95 行.
SQL: SHOW COLUMNS FROM `yz_pro_list` [ RunTime:0.0012s ]
SQL: SELECT * FROM `yz_pro_list`  [ RunTime:0.0014s ]
SQL: SHOW COLUMNS FROM `yz_copyright` [ RunTime:0.0009s ]
SQL: SELECT * FROM `yz_copyright` LIMIT 1   [ RunTime:0.0003s ]
SQL: SHOW COLUMNS FROM `yz_img` [ RunTime:0.0009s ]
SQL: SELECT * FROM `yz_img` WHERE ( type!=1 )  [ RunTime:0.0006s ]
SQL: SHOW COLUMNS FROM `yz_index` [ RunTime:0.0011s ]
SQL: SELECT * FROM `yz_index` LIMIT 1   [ RunTime:0.0004s ]
SQL: SELECT * FROM `yz_pro_list` ORDER BY sort asc  [ RunTime:0.0009s ]
SQL: SHOW COLUMNS FROM `yz_pro_dlist` [ RunTime:0.0008s ]
SQL: SELECT * FROM `yz_pro_dlist`  [ RunTime:0.0004s ]
SQL: SELECT * FROM `yz_img` WHERE ( type=1 ) ORDER BY sort asc  [ RunTime:0.0004s ]
SQL: SELECT * FROM `yz_copyright` LIMIT 1   [ RunTime:0.0003s ]
SQL: SHOW COLUMNS FROM `yz_wubai` [ RunTime:0.0008s ]
SQL: SELECT * FROM `yz_wubai` WHERE ( typeid=1 )  [ RunTime:0.0004s ]
SQL: SELECT * FROM `yz_wubai` WHERE ( typeid=2 )  [ RunTime:0.0004s ]
SQL: SELECT * FROM `yz_wubai` WHERE ( typeid=3 )  [ RunTime:0.0004s ]
SQL: SELECT * FROM `yz_wubai` WHERE ( typeid=4 )  [ RunTime:0.0003s ]
SQL: SELECT * FROM `yz_wubai` WHERE ( typeid=5 )  [ RunTime:0.0004s ]
SQL: SHOW COLUMNS FROM `yz_yzser` [ RunTime:0.0008s ]
SQL: SELECT * FROM `yz_yzser` ORDER BY sort asc  [ RunTime:0.0014s ]
SQL: SELECT * FROM `yz_yzser` ORDER BY sort asc  [ RunTime:0.0008s ]
INFO: [ view_parse ] --START--
INFO: [ template_filter ] --START--
INFO: Run Behavior\ContentReplaceBehavior [ RunTime:0.000122s ]
INFO: [ template_filter ] --END-- [ RunTime:0.000173s ]
NOTIC: [8] Undefined variable: wulist /data/home/qxu2063020067/htdocs/Application/Runtime/Cache/Home/2a94b8bda04ff446dcedd42276fc99ee.php 第 376 行.
NOTIC: [8] Undefined variable: wulist /data/home/qxu2063020067/htdocs/Application/Runtime/Cache/Home/2a94b8bda04ff446dcedd42276fc99ee.php 第 416 行.
NOTIC: [8] Undefined variable: wulist /data/home/qxu2063020067/htdocs/Application/Runtime/Cache/Home/2a94b8bda04ff446dcedd42276fc99ee.php 第 456 行.
NOTIC: [8] Undefined variable: wulist /data/home/qxu2063020067/htdocs/Application/Runtime/Cache/Home/2a94b8bda04ff446dcedd42276fc99ee.php 第 496 行.
NOTIC: [8] Undefined variable: wulist /data/home/qxu2063020067/htdocs/Application/Runtime/Cache/Home/2a94b8bda04ff446dcedd42276fc99ee.php 第 536 行.
INFO: Run Behavior\ParseTemplateBehavior [ RunTime:0.023526s ]
INFO: [ view_parse ] --END-- [ RunTime:0.023575s ]
INFO: [ view_filter ] --START--
INFO: Run Behavior\WriteHtmlCacheBehavior [ RunTime:0.000326s ]
INFO: [ view_filter ] --END-- [ RunTime:0.000365s ]
INFO: [ app_end ] --START--
INFO: Run Behavior\ShowPageTraceBehavior [ RunTime:0.000717s ]
INFO: [ app_end ] --END-- [ RunTime:0.000807s ]

[ 2016-07-05T10:07:45+08:00 ] 1.192.31.211 /
INFO: [ app_init ] --START--
INFO: Run Behavior\BuildLiteBehavior [ RunTime:0.000020s ]
INFO: [ app_init ] --END-- [ RunTime:0.000413s ]
INFO: [ app_begin ] --START--
INFO: Run Behavior\ReadHtmlCacheBehavior [ RunTime:0.000495s ]
INFO: [ app_begin ] --END-- [ RunTime:0.000549s ]
NOTIC: [8192] mysql_connect(): The mysql extension is deprecated and will be removed in the future: use mysqli or PDO instead /data/home/qxu2063020067/htdocs/ThinkPHP/Library/Think/Session/Driver/Db.class.php 第 95 行.
SQL: SHOW COLUMNS FROM `yz_pro_list` [ RunTime:0.0012s ]
SQL: SELECT * FROM `yz_pro_list`  [ RunTime:0.0012s ]
SQL: SHOW COLUMNS FROM `yz_copyright` [ RunTime:0.0009s ]
SQL: SELECT * FROM `yz_copyright` LIMIT 1   [ RunTime:0.0004s ]
SQL: SHOW COLUMNS FROM `yz_img` [ RunTime:0.0009s ]
SQL: SELECT * FROM `yz_img` WHERE ( type!=1 )  [ RunTime:0.0006s ]
SQL: SHOW COLUMNS FROM `yz_index` [ RunTime:0.0010s ]
SQL: SELECT * FROM `yz_index` LIMIT 1   [ RunTime:0.0081s ]
SQL: SELECT * FROM `yz_pro_list` ORDER BY sort asc  [ RunTime:0.0009s ]
SQL: SHOW COLUMNS FROM `yz_pro_dlist` [ RunTime:0.0008s ]
SQL: SELECT * FROM `yz_pro_dlist`  [ RunTime:0.0004s ]
SQL: SELECT * FROM `yz_img` WHERE ( type=1 ) ORDER BY sort asc  [ RunTime:0.0004s ]
SQL: SELECT * FROM `yz_copyright` LIMIT 1   [ RunTime:0.0003s ]
SQL: SHOW COLUMNS FROM `yz_wubai` [ RunTime:0.0008s ]
SQL: SELECT * FROM `yz_wubai` WHERE ( typeid=1 )  [ RunTime:0.0004s ]
SQL: SELECT * FROM `yz_wubai` WHERE ( typeid=2 )  [ RunTime:0.0004s ]
SQL: SELECT * FROM `yz_wubai` WHERE ( typeid=3 )  [ RunTime:0.0004s ]
SQL: SELECT * FROM `yz_wubai` WHERE ( typeid=4 )  [ RunTime:0.0004s ]
SQL: SELECT * FROM `yz_wubai` WHERE ( typeid=5 )  [ RunTime:0.0004s ]
SQL: SHOW COLUMNS FROM `yz_yzser` [ RunTime:0.0009s ]
SQL: SELECT * FROM `yz_yzser` ORDER BY sort asc  [ RunTime:0.0014s ]
SQL: SELECT * FROM `yz_yzser` ORDER BY sort asc  [ RunTime:0.0008s ]
INFO: [ view_parse ] --START--
INFO: [ template_filter ] --START--
INFO: Run Behavior\ContentReplaceBehavior [ RunTime:0.000138s ]
INFO: [ template_filter ] --END-- [ RunTime:0.000188s ]
NOTIC: [8] Undefined variable: wulist /data/home/qxu2063020067/htdocs/Application/Runtime/Cache/Home/2a94b8bda04ff446dcedd42276fc99ee.php 第 376 行.
NOTIC: [8] Undefined variable: wulist /data/home/qxu2063020067/htdocs/Application/Runtime/Cache/Home/2a94b8bda04ff446dcedd42276fc99ee.php 第 416 行.
NOTIC: [8] Undefined variable: wulist /data/home/qxu2063020067/htdocs/Application/Runtime/Cache/Home/2a94b8bda04ff446dcedd42276fc99ee.php 第 456 行.
NOTIC: [8] Undefined variable: wulist /data/home/qxu2063020067/htdocs/Application/Runtime/Cache/Home/2a94b8bda04ff446dcedd42276fc99ee.php 第 496 行.
NOTIC: [8] Undefined variable: wulist /data/home/qxu2063020067/htdocs/Application/Runtime/Cache/Home/2a94b8bda04ff446dcedd42276fc99ee.php 第 536 行.
INFO: Run Behavior\ParseTemplateBehavior [ RunTime:0.023616s ]
INFO: [ view_parse ] --END-- [ RunTime:0.023665s ]
INFO: [ view_filter ] --START--
INFO: Run Behavior\WriteHtmlCacheBehavior [ RunTime:0.000249s ]
INFO: [ view_filter ] --END-- [ RunTime:0.000286s ]
INFO: [ app_end ] --START--
INFO: Run Behavior\ShowPageTraceBehavior [ RunTime:0.000553s ]
INFO: [ app_end ] --END-- [ RunTime:0.000600s ]

[ 2016-07-05T10:07:52+08:00 ] 1.192.31.211 /index.php/Home/Index/cases.html?typeid=0
INFO: [ app_init ] --START--
INFO: Run Behavior\BuildLiteBehavior [ RunTime:0.000020s ]
INFO: [ app_init ] --END-- [ RunTime:0.000459s ]
INFO: [ app_begin ] --START--
INFO: Run Behavior\ReadHtmlCacheBehavior [ RunTime:0.000697s ]
INFO: [ app_begin ] --END-- [ RunTime:0.000749s ]
NOTIC: [8192] mysql_connect(): The mysql extension is deprecated and will be removed in the future: use mysqli or PDO instead /data/home/qxu2063020067/htdocs/ThinkPHP/Library/Think/Session/Driver/Db.class.php 第 95 行.
SQL: SHOW COLUMNS FROM `yz_pro_list` [ RunTime:0.0010s ]
SQL: SELECT * FROM `yz_pro_list`  [ RunTime:0.0026s ]
SQL: SHOW COLUMNS FROM `yz_copyright` [ RunTime:0.0012s ]
SQL: SELECT * FROM `yz_copyright` LIMIT 1   [ RunTime:0.0003s ]
SQL: SHOW COLUMNS FROM `yz_img` [ RunTime:0.0010s ]
SQL: SELECT * FROM `yz_img` WHERE ( type!=1 )  [ RunTime:0.0003s ]
SQL: SHOW COLUMNS FROM `yz_index` [ RunTime:0.0012s ]
SQL: SELECT * FROM `yz_index` LIMIT 1   [ RunTime:0.0009s ]
SQL: SELECT * FROM `yz_pro_list` ORDER BY sort asc  [ RunTime:0.0007s ]
SQL: SHOW COLUMNS FROM `yz_pro_dlist` [ RunTime:0.0012s ]
SQL: SELECT * FROM `yz_pro_dlist`  [ RunTime:0.0013s ]
SQL: SHOW COLUMNS FROM `yz_cases` [ RunTime:0.0012s ]
SQL: SELECT * FROM `yz_cases`  [ RunTime:0.0017s ]
SQL: SELECT * FROM `yz_index` LIMIT 1   [ RunTime:0.0003s ]
SQL: SHOW COLUMNS FROM `yz_case_type` [ RunTime:0.0010s ]
SQL: SELECT * FROM `yz_case_type` ORDER BY sort asc  [ RunTime:0.0004s ]
INFO: [ view_parse ] --START--
INFO: [ template_filter ] --START--
INFO: Run Behavior\ContentReplaceBehavior [ RunTime:0.000113s ]
INFO: [ template_filter ] --END-- [ RunTime:0.000215s ]
INFO: Run Behavior\ParseTemplateBehavior [ RunTime:0.017417s ]
INFO: [ view_parse ] --END-- [ RunTime:0.017481s ]
INFO: [ view_filter ] --START--
INFO: Run Behavior\WriteHtmlCacheBehavior [ RunTime:0.000246s ]
INFO: [ view_filter ] --END-- [ RunTime:0.000283s ]
INFO: [ app_end ] --START--
INFO: Run Behavior\ShowPageTraceBehavior [ RunTime:0.000550s ]
INFO: [ app_end ] --END-- [ RunTime:0.000600s ]

[ 2016-07-05T10:07:52+08:00 ] 1.192.31.211 /index.php/Home/Index/scripts/myjs.js
INFO: [ app_init ] --START--
INFO: Run Behavior\BuildLiteBehavior [ RunTime:0.000016s ]
INFO: [ app_init ] --END-- [ RunTime:0.000413s ]
INFO: [ app_begin ] --START--
INFO: Run Behavior\ReadHtmlCacheBehavior [ RunTime:0.000651s ]
INFO: [ app_begin ] --END-- [ RunTime:0.000699s ]
NOTIC: [8192] mysql_connect(): The mysql extension is deprecated and will be removed in the future: use mysqli or PDO instead /data/home/qxu2063020067/htdocs/ThinkPHP/Library/Think/Session/Driver/Db.class.php 第 95 行.
SQL: SHOW COLUMNS FROM `yz_pro_list` [ RunTime:0.0011s ]
SQL: SELECT * FROM `yz_pro_list`  [ RunTime:0.0019s ]
SQL: SHOW COLUMNS FROM `yz_copyright` [ RunTime:0.0008s ]
SQL: SELECT * FROM `yz_copyright` LIMIT 1   [ RunTime:0.0007s ]
SQL: SHOW COLUMNS FROM `yz_img` [ RunTime:0.0009s ]
SQL: SELECT * FROM `yz_img` WHERE ( type!=1 )  [ RunTime:0.0005s ]
SQL: SHOW COLUMNS FROM `yz_index` [ RunTime:0.0008s ]
SQL: SELECT * FROM `yz_index` LIMIT 1   [ RunTime:0.0003s ]
SQL: SELECT * FROM `yz_pro_list` ORDER BY sort asc  [ RunTime:0.0035s ]
SQL: SHOW COLUMNS FROM `yz_pro_dlist` [ RunTime:0.0010s ]
SQL: SELECT * FROM `yz_pro_dlist`  [ RunTime:0.0003s ]
ERR: 非法操作:scripts

[ 2016-07-05T10:07:52+08:00 ] 1.192.31.211 /index.php/Home/Index/scripts/jquery-2.0.3.min.js
INFO: [ app_init ] --START--
INFO: Run Behavior\BuildLiteBehavior [ RunTime:0.000019s ]
INFO: [ app_init ] --END-- [ RunTime:0.000466s ]
INFO: [ app_begin ] --START--
INFO: Run Behavior\ReadHtmlCacheBehavior [ RunTime:0.000535s ]
INFO: [ app_begin ] --END-- [ RunTime:0.000589s ]
NOTIC: [8192] mysql_connect(): The mysql extension is deprecated and will be removed in the future: use mysqli or PDO instead /data/home/qxu2063020067/htdocs/ThinkPHP/Library/Think/Session/Driver/Db.class.php 第 95 行.
SQL: SHOW COLUMNS FROM `yz_pro_list` [ RunTime:0.0009s ]
SQL: SELECT * FROM `yz_pro_list`  [ RunTime:0.0015s ]
SQL: SHOW COLUMNS FROM `yz_copyright` [ RunTime:0.0007s ]
SQL: SELECT * FROM `yz_copyright` LIMIT 1   [ RunTime:0.0004s ]
SQL: SHOW COLUMNS FROM `yz_img` [ RunTime:0.0008s ]
SQL: SELECT * FROM `yz_img` WHERE ( type!=1 )  [ RunTime:0.0006s ]
SQL: SHOW COLUMNS FROM `yz_index` [ RunTime:0.0008s ]
SQL: SELECT * FROM `yz_index` LIMIT 1   [ RunTime:0.0008s ]
SQL: SELECT * FROM `yz_pro_list` ORDER BY sort asc  [ RunTime:0.0032s ]
SQL: SHOW COLUMNS FROM `yz_pro_dlist` [ RunTime:0.0007s ]
SQL: SELECT * FROM `yz_pro_dlist`  [ RunTime:0.0006s ]
ERR: 非法操作:scripts

[ 2016-07-05T10:07:54+08:00 ] 1.192.31.211 /index.php/Home/Index/cases.html?typeid=8
INFO: [ app_init ] --START--
INFO: Run Behavior\BuildLiteBehavior [ RunTime:0.000023s ]
INFO: [ app_init ] --END-- [ RunTime:0.000431s ]
INFO: [ app_begin ] --START--
INFO: Run Behavior\ReadHtmlCacheBehavior [ RunTime:0.000562s ]
INFO: [ app_begin ] --END-- [ RunTime:0.000622s ]
NOTIC: [8192] mysql_connect(): The mysql extension is deprecated and will be removed in the future: use mysqli or PDO instead /data/home/qxu2063020067/htdocs/ThinkPHP/Library/Think/Session/Driver/Db.class.php 第 95 行.
SQL: SHOW COLUMNS FROM `yz_pro_list` [ RunTime:0.0010s ]
SQL: SELECT * FROM `yz_pro_list`  [ RunTime:0.0010s ]
SQL: SHOW COLUMNS FROM `yz_copyright` [ RunTime:0.0008s ]
SQL: SELECT * FROM `yz_copyright` LIMIT 1   [ RunTime:0.0003s ]
SQL: SHOW COLUMNS FROM `yz_img` [ RunTime:0.0010s ]
SQL: SELECT * FROM `yz_img` WHERE ( type!=1 )  [ RunTime:0.0004s ]
SQL: SHOW COLUMNS FROM `yz_index` [ RunTime:0.0010s ]
SQL: SELECT * FROM `yz_index` LIMIT 1   [ RunTime:0.0004s ]
SQL: SELECT * FROM `yz_pro_list` ORDER BY sort asc  [ RunTime:0.0008s ]
SQL: SHOW COLUMNS FROM `yz_pro_dlist` [ RunTime:0.0010s ]
SQL: SELECT * FROM `yz_pro_dlist`  [ RunTime:0.0004s ]
SQL: SHOW COLUMNS FROM `yz_cases` [ RunTime:0.0008s ]
SQL: SELECT * FROM `yz_cases` WHERE ( typeid=8 )  [ RunTime:0.0009s ]
SQL: SELECT * FROM `yz_index` LIMIT 1   [ RunTime:0.0004s ]
SQL: SHOW COLUMNS FROM `yz_case_type` [ RunTime:0.0007s ]
SQL: SELECT * FROM `yz_case_type` ORDER BY sort asc  [ RunTime:0.0003s ]
INFO: [ view_parse ] --START--
INFO: [ template_filter ] --START--
INFO: Run Behavior\ContentReplaceBehavior [ RunTime:0.000067s ]
INFO: [ template_filter ] --END-- [ RunTime:0.000116s ]
INFO: Run Behavior\ParseTemplateBehavior [ RunTime:0.013892s ]
INFO: [ view_parse ] --END-- [ RunTime:0.013943s ]
INFO: [ view_filter ] --START--
INFO: Run Behavior\WriteHtmlCacheBehavior [ RunTime:0.000236s ]
INFO: [ view_filter ] --END-- [ RunTime:0.000273s ]
INFO: [ app_end ] --START--
INFO: Run Behavior\ShowPageTraceBehavior [ RunTime:0.000553s ]
INFO: [ app_end ] --END-- [ RunTime:0.000603s ]

[ 2016-07-05T10:07:55+08:00 ] 1.192.31.211 /index.php/Home/Index/scripts/myjs.js
INFO: [ app_init ] --START--
INFO: Run Behavior\BuildLiteBehavior [ RunTime:0.000022s ]
INFO: [ app_init ] --END-- [ RunTime:0.000460s ]
INFO: [ app_begin ] --START--
INFO: Run Behavior\ReadHtmlCacheBehavior [ RunTime:0.000629s ]
INFO: [ app_begin ] --END-- [ RunTime:0.000680s ]
NOTIC: [8192] mysql_connect(): The mysql extension is deprecated and will be removed in the future: use mysqli or PDO instead /data/home/qxu2063020067/htdocs/ThinkPHP/Library/Think/Session/Driver/Db.class.php 第 95 行.
SQL: SHOW COLUMNS FROM `yz_pro_list` [ RunTime:0.0011s ]
SQL: SELECT * FROM `yz_pro_list`  [ RunTime:0.0015s ]
SQL: SHOW COLUMNS FROM `yz_copyright` [ RunTime:0.0007s ]
SQL: SELECT * FROM `yz_copyright` LIMIT 1   [ RunTime:0.0016s ]
SQL: SHOW COLUMNS FROM `yz_img` [ RunTime:0.0008s ]
SQL: SELECT * FROM `yz_img` WHERE ( type!=1 )  [ RunTime:0.0007s ]
SQL: SHOW COLUMNS FROM `yz_index` [ RunTime:0.0010s ]
SQL: SELECT * FROM `yz_index` LIMIT 1   [ RunTime:0.0005s ]
SQL: SELECT * FROM `yz_pro_list` ORDER BY sort asc  [ RunTime:0.0011s ]
SQL: SHOW COLUMNS FROM `yz_pro_dlist` [ RunTime:0.0009s ]
SQL: SELECT * FROM `yz_pro_dlist`  [ RunTime:0.0003s ]
ERR: 非法操作:scripts

[ 2016-07-05T10:07:55+08:00 ] 1.192.31.211 /index.php/Home/Index/scripts/jquery-2.0.3.min.js
INFO: [ app_init ] --START--
INFO: Run Behavior\BuildLiteBehavior [ RunTime:0.000019s ]
INFO: [ app_init ] --END-- [ RunTime:0.000458s ]
INFO: [ app_begin ] --START--
INFO: Run Behavior\ReadHtmlCacheBehavior [ RunTime:0.000532s ]
INFO: [ app_begin ] --END-- [ RunTime:0.000581s ]
NOTIC: [8192] mysql_connect(): The mysql extension is deprecated and will be removed in the future: use mysqli or PDO instead /data/home/qxu2063020067/htdocs/ThinkPHP/Library/Think/Session/Driver/Db.class.php 第 95 行.
SQL: SHOW COLUMNS FROM `yz_pro_list` [ RunTime:0.0017s ]
SQL: SELECT * FROM `yz_pro_list`  [ RunTime:0.0028s ]
SQL: SHOW COLUMNS FROM `yz_copyright` [ RunTime:0.0009s ]
SQL: SELECT * FROM `yz_copyright` LIMIT 1   [ RunTime:0.0005s ]
SQL: SHOW COLUMNS FROM `yz_img` [ RunTime:0.0014s ]
SQL: SELECT * FROM `yz_img` WHERE ( type!=1 )  [ RunTime:0.0004s ]
SQL: SHOW COLUMNS FROM `yz_index` [ RunTime:0.0009s ]
SQL: SELECT * FROM `yz_index` LIMIT 1   [ RunTime:0.0004s ]
SQL: SELECT * FROM `yz_pro_list` ORDER BY sort asc  [ RunTime:0.0007s ]
SQL: SHOW COLUMNS FROM `yz_pro_dlist` [ RunTime:0.0017s ]
SQL: SELECT * FROM `yz_pro_dlist`  [ RunTime:0.0008s ]
ERR: 非法操作:scripts

[ 2016-07-05T10:07:59+08:00 ] 1.192.31.211 /index.php/Home/Index/cases.html?typeid=0
INFO: [ app_init ] --START--
INFO: Run Behavior\BuildLiteBehavior [ RunTime:0.000046s ]
INFO: [ app_init ] --END-- [ RunTime:0.000458s ]
INFO: [ app_begin ] --START--
INFO: Run Behavior\ReadHtmlCacheBehavior [ RunTime:0.000507s ]
INFO: [ app_begin ] --END-- [ RunTime:0.000559s ]
NOTIC: [8192] mysql_connect(): The mysql extension is deprecated and will be removed in the future: use mysqli or PDO instead /data/home/qxu2063020067/htdocs/ThinkPHP/Library/Think/Session/Driver/Db.class.php 第 95 行.
SQL: SHOW COLUMNS FROM `yz_pro_list` [ RunTime:0.0010s ]
SQL: SELECT * FROM `yz_pro_list`  [ RunTime:0.0010s ]
SQL: SHOW COLUMNS FROM `yz_copyright` [ RunTime:0.0007s ]
SQL: SELECT * FROM `yz_copyright` LIMIT 1   [ RunTime:0.0003s ]
SQL: SHOW COLUMNS FROM `yz_img` [ RunTime:0.0007s ]
SQL: SELECT * FROM `yz_img` WHERE ( type!=1 )  [ RunTime:0.0003s ]
SQL: SHOW COLUMNS FROM `yz_index` [ RunTime:0.0009s ]
SQL: SELECT * FROM `yz_index` LIMIT 1   [ RunTime:0.0003s ]
SQL: SELECT * FROM `yz_pro_list` ORDER BY sort asc  [ RunTime:0.0009s ]
SQL: SHOW COLUMNS FROM `yz_pro_dlist` [ RunTime:0.0006s ]
SQL: SELECT * FROM `yz_pro_dlist`  [ RunTime:0.0003s ]
SQL: SHOW COLUMNS FROM `yz_cases` [ RunTime:0.0008s ]
SQL: SELECT * FROM `yz_cases`  [ RunTime:0.0011s ]
SQL: SELECT * FROM `yz_index` LIMIT 1   [ RunTime:0.0003s ]
SQL: SHOW COLUMNS FROM `yz_case_type` [ RunTime:0.0006s ]
SQL: SELECT * FROM `yz_case_type` ORDER BY sort asc  [ RunTime:0.0003s ]
INFO: [ view_parse ] --START--
INFO: [ template_filter ] --START--
INFO: Run Behavior\ContentReplaceBehavior [ RunTime:0.000069s ]
INFO: [ template_filter ] --END-- [ RunTime:0.000127s ]
INFO: Run Behavior\ParseTemplateBehavior [ RunTime:0.014804s ]
INFO: [ view_parse ] --END-- [ RunTime:0.014882s ]
INFO: [ view_filter ] --START--
INFO: Run Behavior\WriteHtmlCacheBehavior [ RunTime:0.000251s ]
INFO: [ view_filter ] --END-- [ RunTime:0.000289s ]
INFO: [ app_end ] --START--
INFO: Run Behavior\ShowPageTraceBehavior [ RunTime:0.000554s ]
INFO: [ app_end ] --END-- [ RunTime:0.000605s ]

[ 2016-07-05T10:07:59+08:00 ] 1.192.31.211 /index.php/Home/Index/scripts/myjs.js
INFO: [ app_init ] --START--
INFO: Run Behavior\BuildLiteBehavior [ RunTime:0.000032s ]
INFO: [ app_init ] --END-- [ RunTime:0.000661s ]
INFO: [ app_begin ] --START--
INFO: Run Behavior\ReadHtmlCacheBehavior [ RunTime:0.000827s ]
INFO: [ app_begin ] --END-- [ RunTime:0.000894s ]
NOTIC: [8192] mysql_connect(): The mysql extension is deprecated and will be removed in the future: use mysqli or PDO instead /data/home/qxu2063020067/htdocs/ThinkPHP/Library/Think/Session/Driver/Db.class.php 第 95 行.
SQL: SHOW COLUMNS FROM `yz_pro_list` [ RunTime:0.0008s ]
SQL: SELECT * FROM `yz_pro_list`  [ RunTime:0.0016s ]
SQL: SHOW COLUMNS FROM `yz_copyright` [ RunTime:0.0009s ]
SQL: SELECT * FROM `yz_copyright` LIMIT 1   [ RunTime:0.0006s ]
SQL: SHOW COLUMNS FROM `yz_img` [ RunTime:0.0013s ]
SQL: SELECT * FROM `yz_img` WHERE ( type!=1 )  [ RunTime:0.0004s ]
SQL: SHOW COLUMNS FROM `yz_index` [ RunTime:0.0020s ]
SQL: SELECT * FROM `yz_index` LIMIT 1   [ RunTime:0.0004s ]
SQL: SELECT * FROM `yz_pro_list` ORDER BY sort asc  [ RunTime:0.0011s ]
SQL: SHOW COLUMNS FROM `yz_pro_dlist` [ RunTime:0.0010s ]
SQL: SELECT * FROM `yz_pro_dlist`  [ RunTime:0.0007s ]
ERR: 非法操作:scripts

[ 2016-07-05T10:07:59+08:00 ] 1.192.31.211 /index.php/Home/Index/scripts/jquery-2.0.3.min.js
INFO: [ app_init ] --START--
INFO: Run Behavior\BuildLiteBehavior [ RunTime:0.000020s ]
INFO: [ app_init ] --END-- [ RunTime:0.000427s ]
INFO: [ app_begin ] --START--
INFO: Run Behavior\ReadHtmlCacheBehavior [ RunTime:0.000617s ]
INFO: [ app_begin ] --END-- [ RunTime:0.000671s ]
NOTIC: [8192] mysql_connect(): The mysql extension is deprecated and will be removed in the future: use mysqli or PDO instead /data/home/qxu2063020067/htdocs/ThinkPHP/Library/Think/Session/Driver/Db.class.php 第 95 行.
SQL: SHOW COLUMNS FROM `yz_pro_list` [ RunTime:0.0011s ]
SQL: SELECT * FROM `yz_pro_list`  [ RunTime:0.0014s ]
SQL: SHOW COLUMNS FROM `yz_copyright` [ RunTime:0.0013s ]
SQL: SELECT * FROM `yz_copyright` LIMIT 1   [ RunTime:0.0009s ]
SQL: SHOW COLUMNS FROM `yz_img` [ RunTime:0.0010s ]
SQL: SELECT * FROM `yz_img` WHERE ( type!=1 )  [ RunTime:0.0009s ]
SQL: SHOW COLUMNS FROM `yz_index` [ RunTime:0.0013s ]
SQL: SELECT * FROM `yz_index` LIMIT 1   [ RunTime:0.0011s ]
SQL: SELECT * FROM `yz_pro_list` ORDER BY sort asc  [ RunTime:0.0009s ]
SQL: SHOW COLUMNS FROM `yz_pro_dlist` [ RunTime:0.0010s ]
SQL: SELECT * FROM `yz_pro_dlist`  [ RunTime:0.0007s ]
ERR: 非法操作:scripts

[ 2016-07-05T10:08:05+08:00 ] 1.192.31.211 /index.php/Home/Index/news.html
INFO: [ app_init ] --START--
INFO: Run Behavior\BuildLiteBehavior [ RunTime:0.000021s ]
INFO: [ app_init ] --END-- [ RunTime:0.000448s ]
INFO: [ app_begin ] --START--
INFO: Run Behavior\ReadHtmlCacheBehavior [ RunTime:0.000632s ]
INFO: [ app_begin ] --END-- [ RunTime:0.000707s ]
NOTIC: [8192] mysql_connect(): The mysql extension is deprecated and will be removed in the future: use mysqli or PDO instead /data/home/qxu2063020067/htdocs/ThinkPHP/Library/Think/Session/Driver/Db.class.php 第 95 行.
SQL: SHOW COLUMNS FROM `yz_pro_list` [ RunTime:0.0010s ]
SQL: SELECT * FROM `yz_pro_list`  [ RunTime:0.0010s ]
SQL: SHOW COLUMNS FROM `yz_copyright` [ RunTime:0.0008s ]
SQL: SELECT * FROM `yz_copyright` LIMIT 1   [ RunTime:0.0003s ]
SQL: SHOW COLUMNS FROM `yz_img` [ RunTime:0.0007s ]
SQL: SELECT * FROM `yz_img` WHERE ( type!=1 )  [ RunTime:0.0003s ]
SQL: SHOW COLUMNS FROM `yz_index` [ RunTime:0.0009s ]
SQL: SELECT * FROM `yz_index` LIMIT 1   [ RunTime:0.0005s ]
SQL: SELECT * FROM `yz_pro_list` ORDER BY sort asc  [ RunTime:0.0009s ]
SQL: SHOW COLUMNS FROM `yz_pro_dlist` [ RunTime:0.0010s ]
SQL: SELECT * FROM `yz_pro_dlist`  [ RunTime:0.0003s ]
SQL: SHOW COLUMNS FROM `yz_news` [ RunTime:0.0012s ]
SQL: SELECT * FROM `yz_news`  [ RunTime:0.0006s ]
INFO: [ view_parse ] --START--
INFO: [ template_filter ] --START--
INFO: Run Behavior\ContentReplaceBehavior [ RunTime:0.000066s ]
INFO: [ template_filter ] --END-- [ RunTime:0.000115s ]
INFO: Run Behavior\ParseTemplateBehavior [ RunTime:0.015203s ]
INFO: [ view_parse ] --END-- [ RunTime:0.015255s ]
INFO: [ view_filter ] --START--
INFO: Run Behavior\WriteHtmlCacheBehavior [ RunTime:0.000284s ]
INFO: [ view_filter ] --END-- [ RunTime:0.000323s ]
INFO: [ app_end ] --START--
INFO: Run Behavior\ShowPageTraceBehavior [ RunTime:0.000637s ]
INFO: [ app_end ] --END-- [ RunTime:0.000685s ]

[ 2016-07-05T10:08:06+08:00 ] 1.192.31.211 /index.php/Home/Index/goto_news.html?id=23
INFO: [ app_init ] --START--
INFO: Run Behavior\BuildLiteBehavior [ RunTime:0.000020s ]
INFO: [ app_init ] --END-- [ RunTime:0.000445s ]
INFO: [ app_begin ] --START--
INFO: Run Behavior\ReadHtmlCacheBehavior [ RunTime:0.000507s ]
INFO: [ app_begin ] --END-- [ RunTime:0.000558s ]
NOTIC: [8192] mysql_connect(): The mysql extension is deprecated and will be removed in the future: use mysqli or PDO instead /data/home/qxu2063020067/htdocs/ThinkPHP/Library/Think/Session/Driver/Db.class.php 第 95 行.
SQL: SHOW COLUMNS FROM `yz_pro_list` [ RunTime:0.0011s ]
SQL: SELECT * FROM `yz_pro_list`  [ RunTime:0.0011s ]
SQL: SHOW COLUMNS FROM `yz_copyright` [ RunTime:0.0008s ]
SQL: SELECT * FROM `yz_copyright` LIMIT 1   [ RunTime:0.0003s ]
SQL: SHOW COLUMNS FROM `yz_img` [ RunTime:0.0007s ]
SQL: SELECT * FROM `yz_img` WHERE ( type!=1 )  [ RunTime:0.0005s ]
SQL: SHOW COLUMNS FROM `yz_index` [ RunTime:0.0009s ]
SQL: SELECT * FROM `yz_index` LIMIT 1   [ RunTime:0.0004s ]
SQL: SELECT * FROM `yz_pro_list` ORDER BY sort asc  [ RunTime:0.0006s ]
SQL: SHOW COLUMNS FROM `yz_pro_dlist` [ RunTime:0.0007s ]
SQL: SELECT * FROM `yz_pro_dlist`  [ RunTime:0.0003s ]
SQL: SHOW COLUMNS FROM `yz_news` [ RunTime:0.0007s ]
SQL: SELECT * FROM `yz_news` WHERE ( id=23 ) LIMIT 1   [ RunTime:0.0007s ]
SQL: UPDATE `yz_news` SET `id`='23',`type`='',`title`='换个思路办体育',`desc`='',`content`='&lt;p style=&quot;margin-top: 0px; margin-bottom: 24px; padding: 0px; min-height: 1em; white-space: pre-wrap; clear: both; color: rgb(62, 62, 62); font-family: Helvetica, 宋体; text-indent: 32px; line-height: 27px; box-sizing: border-box !important; background-color: rgb(255, 255, 255);&quot;&gt;&lt;strong style=&quot;box-sizing: border-box !important;&quot;&gt;&lt;span style=&quot;font-family: 宋体; color: green; box-sizing: border-box !important;&quot;&gt;&lt;img src=&quot;/ueditor/php/upload/image/20160701/1467343446131722.png&quot; title=&quot;1467343446131722.png&quot; alt=&quot;A.png&quot;/&gt;&lt;/span&gt;&lt;/strong&gt;&lt;/p&gt;&lt;p style=&quot;margin-top: 0px; margin-bottom: 24px; padding: 0px; min-height: 1em; white-space: pre-wrap; clear: both; color: rgb(62, 62, 62); font-family: Helvetica, 宋体; text-indent: 32px; line-height: 27px; box-sizing: border-box !important; background-color: rgb(255, 255, 255);&quot;&gt;&lt;strong style=&quot;box-sizing: border-box !important;&quot;&gt;&lt;span style=&quot;font-family: 宋体; color: green; box-sizing: border-box !important;&quot;&gt;以敬畏之心办体育、以服务之实办体育、以高远之志办体育，理应逐渐内化为体育人的执着追求与自觉行动。&lt;/span&gt;&lt;/strong&gt;&lt;/p&gt;&lt;p style=&quot;margin-top: 0px; margin-bottom: 24px; padding: 0px; min-height: 1em; white-space: pre-wrap; clear: both; color: rgb(62, 62, 62); font-family: Helvetica, 宋体; text-indent: 32px; line-height: 27px; box-sizing: border-box !important; background-color: rgb(255, 255, 255);&quot;&gt;&lt;span style=&quot;font-family: 宋体; box-sizing: border-box !important;&quot;&gt;轰轰烈烈的体育改革正处在攻坚阶段：率先破冰的足球改革不无意外地遭遇了阻力，却仍在有条不紊地奋力前行；追随足球改革的脚步，其他运动项目的改革将毫无例外地陆续展开。&lt;/span&gt;&lt;/p&gt;&lt;p style=&quot;margin-top: 0px; margin-bottom: 24px; padding: 0px; min-height: 1em; white-space: pre-wrap; clear: both; color: rgb(62, 62, 62); font-family: Helvetica, 宋体; text-indent: 32px; line-height: 27px; box-sizing: border-box !important; background-color: rgb(255, 255, 255);&quot;&gt;&lt;span style=&quot;font-family: 宋体; box-sizing: border-box !important;&quot;&gt;体育改革从足球项目起步，大抵和这个项目的社会影响力相关；而体育改革的整体进展并未带给人们惊喜，可能和体育系统缺少主动求变的锐气不无关系。&lt;/span&gt;&lt;/p&gt;&lt;p style=&quot;margin-top: 0px; margin-bottom: 24px; padding: 0px; min-height: 1em; white-space: pre-wrap; clear: both; color: rgb(62, 62, 62); font-family: Helvetica, 宋体; text-indent: 32px; line-height: 27px; box-sizing: border-box !important; background-color: rgb(255, 255, 255);&quot;&gt;&lt;span style=&quot;font-family: 宋体; box-sizing: border-box !important;&quot;&gt;时至今日，再去讨论体育改革有无必要，已属落伍。但体育系统对改革抱有什么态度、采取什么行动、希望达到什么效果，却对改革进程有着实实在在的影响。&lt;/span&gt;&lt;/p&gt;&lt;p style=&quot;margin-top: 0px; margin-bottom: 24px; padding: 0px; min-height: 1em; white-space: pre-wrap; clear: both; color: rgb(62, 62, 62); font-family: Helvetica, 宋体; text-indent: 32px; line-height: 27px; box-sizing: border-box !important; background-color: rgb(255, 255, 255);&quot;&gt;&lt;span style=&quot;font-family: 宋体; box-sizing: border-box !important;&quot;&gt;从本位主义出发看待体育改革，看到的可能只是既有利益的渐行渐远，想到的可能只是优裕生活（以奖牌换奖金）的一去不返。从这样的角度看问题、想问题，就会有千方百计将既得利益改头换面后重新攥在手中的冲动，就会生出以阻碍改革进程为代价留住优裕生活的念头。尽管改革浪潮势不可挡，尽管社会监督无处不在，但相信打这样算盘、动这样念头的顽固分子并未绝迹。&lt;/span&gt;&lt;/p&gt;&lt;p style=&quot;margin-top: 0px; margin-bottom: 24px; padding: 0px; min-height: 1em; white-space: pre-wrap; clear: both; color: rgb(62, 62, 62); font-family: Helvetica, 宋体; text-indent: 32px; line-height: 27px; box-sizing: border-box !important; background-color: rgb(255, 255, 255);&quot;&gt;&lt;strong style=&quot;box-sizing: border-box !important;&quot;&gt;&lt;span style=&quot;font-family: 宋体; color: green; box-sizing: border-box !important;&quot;&gt;明知旧有发展模式已经难以为继，依然铤而走险试图保住“从中渔利”的可能，这不仅是顽固分子的贪念使然，更与管理部门的失职紧密相连。&lt;/span&gt;&lt;/strong&gt;&lt;span style=&quot;font-family: 宋体; box-sizing: border-box !important;&quot;&gt;作为一场颠覆旧有发展模式的大变革，体育系统仅仅按部就班推动改革举措的落实还远远不够，真正做到认识高度、行动自觉与改革进程高度匹配方为上策。&lt;/span&gt;&lt;/p&gt;&lt;p style=&quot;margin-top: 0px; margin-bottom: 24px; padding: 0px; min-height: 1em; white-space: pre-wrap; clear: both; color: rgb(62, 62, 62); font-family: Helvetica, 宋体; text-indent: 32px; line-height: 27px; box-sizing: border-box !important; background-color: rgb(255, 255, 255);&quot;&gt;&lt;strong style=&quot;box-sizing: border-box !important;&quot;&gt;&lt;span style=&quot;font-family: 宋体; color: green; box-sizing: border-box !important;&quot;&gt;推进体育改革，需要换个思路办体育；争取社会支持，同样需要换个思路办体育。&lt;/span&gt;&lt;/strong&gt;&lt;span style=&quot;font-family: 宋体; box-sizing: border-box !important;&quot;&gt;当体育不再仅仅承载争金夺银的单一功能，当体育产业已经成为吸纳社会资本的上佳载体，当全民健身终于上升为国家战略，以敬畏之心办体育、以服务之实办体育、以高远之志办体育，理应逐渐内化为体育人的执着追求与自觉行动。而在此基础上谋划以新理念引领体育发展新格局，不仅是推进体育改革的题中应有之义，更是从体育大国迈向体育强国的水到渠成之选。&lt;/span&gt;&lt;/p&gt;&lt;p style=&quot;margin-top: 0px; margin-bottom: 24px; padding: 0px; min-height: 1em; white-space: pre-wrap; clear: both; color: rgb(62, 62, 62); font-family: Helvetica, 宋体; text-indent: 32px; line-height: 27px; box-sizing: border-box !important; background-color: rgb(255, 255, 255);&quot;&gt;&lt;strong style=&quot;box-sizing: border-box !important;&quot;&gt;&lt;span style=&quot;font-family: 宋体; color: green; box-sizing: border-box !important;&quot;&gt;能否换个思路办体育，能否以新理念引领新格局，事关体育改革的成败得失，事关体育强国梦的实现路径。&lt;/span&gt;&lt;/strong&gt;&lt;span style=&quot;font-family: 宋体; box-sizing: border-box !important;&quot;&gt;又逢各方角力的奥运年，时值体育改革的关键阶段，曾经一次次与转型发展擦肩而过的中国体育，已经没有贻误战机的资本，唯有踏准节拍、顺势而上，中国体育才能迎来更加美好的明天。&lt;/span&gt;&lt;/p&gt;&lt;p&gt;&lt;br/&gt;&lt;/p&gt;',`image`='/Uploads/images/201607011121355775e1bf10720.png',`ptime`='1467331200',`author`='亿众体育',`count`='7' WHERE ( id=23 ) [ RunTime:0.0013s ]
INFO: [ view_parse ] --START--
INFO: [ template_filter ] --START--
INFO: Run Behavior\ContentReplaceBehavior [ RunTime:0.000069s ]
INFO: [ template_filter ] --END-- [ RunTime:0.000120s ]
INFO: Run Behavior\ParseTemplateBehavior [ RunTime:0.012700s ]
INFO: [ view_parse ] --END-- [ RunTime:0.012751s ]
INFO: [ view_filter ] --START--
INFO: Run Behavior\WriteHtmlCacheBehavior [ RunTime:0.000314s ]
INFO: [ view_filter ] --END-- [ RunTime:0.000353s ]
INFO: [ app_end ] --START--
INFO: Run Behavior\ShowPageTraceBehavior [ RunTime:0.000593s ]
INFO: [ app_end ] --END-- [ RunTime:0.000647s ]

[ 2016-07-05T10:08:31+08:00 ] 180.153.206.38 /index.php/Home/Index/product.html?type=4
INFO: [ app_init ] --START--
INFO: Run Behavior\BuildLiteBehavior [ RunTime:0.000019s ]
INFO: [ app_init ] --END-- [ RunTime:0.000390s ]
INFO: [ app_begin ] --START--
INFO: Run Behavior\ReadHtmlCacheBehavior [ RunTime:0.000520s ]
INFO: [ app_begin ] --END-- [ RunTime:0.000574s ]
NOTIC: [8192] mysql_connect(): The mysql extension is deprecated and will be removed in the future: use mysqli or PDO instead /data/home/qxu2063020067/htdocs/ThinkPHP/Library/Think/Session/Driver/Db.class.php 第 95 行.
SQL: SHOW COLUMNS FROM `yz_pro_list` [ RunTime:0.0010s ]
SQL: SELECT * FROM `yz_pro_list`  [ RunTime:0.0010s ]
SQL: SHOW COLUMNS FROM `yz_copyright` [ RunTime:0.0009s ]
SQL: SELECT * FROM `yz_copyright` LIMIT 1   [ RunTime:0.0003s ]
SQL: SHOW COLUMNS FROM `yz_img` [ RunTime:0.0008s ]
SQL: SELECT * FROM `yz_img` WHERE ( type!=1 )  [ RunTime:0.0003s ]
SQL: SHOW COLUMNS FROM `yz_index` [ RunTime:0.0009s ]
SQL: SELECT * FROM `yz_index` LIMIT 1   [ RunTime:0.0004s ]
SQL: SELECT * FROM `yz_pro_list` ORDER BY sort asc  [ RunTime:0.0007s ]
SQL: SHOW COLUMNS FROM `yz_pro_dlist` [ RunTime:0.0011s ]
SQL: SELECT * FROM `yz_pro_dlist`  [ RunTime:0.0003s ]
SQL: SELECT * FROM `yz_pro_list` WHERE ( id=4 ) LIMIT 1   [ RunTime:0.0005s ]
SQL: SHOW COLUMNS FROM `yz_pro_road` [ RunTime:0.0010s ]
SQL: SELECT * FROM `yz_pro_road` WHERE ( type=4 )  [ RunTime:0.0005s ]
INFO: [ view_parse ] --START--
INFO: [ template_filter ] --START--
INFO: Run Behavior\ContentReplaceBehavior [ RunTime:0.000056s ]
INFO: [ template_filter ] --END-- [ RunTime:0.000098s ]
INFO: Run Behavior\ParseTemplateBehavior [ RunTime:0.012089s ]
INFO: [ view_parse ] --END-- [ RunTime:0.012138s ]
INFO: [ view_filter ] --START--
INFO: Run Behavior\WriteHtmlCacheBehavior [ RunTime:0.000232s ]
INFO: [ view_filter ] --END-- [ RunTime:0.000289s ]
INFO: [ app_end ] --START--
INFO: Run Behavior\ShowPageTraceBehavior [ RunTime:0.000527s ]
INFO: [ app_end ] --END-- [ RunTime:0.000587s ]

[ 2016-07-05T10:08:31+08:00 ] 101.226.33.218 /index.php/Home/Index/product.html?type=4
INFO: [ app_init ] --START--
INFO: Run Behavior\BuildLiteBehavior [ RunTime:0.000021s ]
INFO: [ app_init ] --END-- [ RunTime:0.000439s ]
INFO: [ app_begin ] --START--
INFO: Run Behavior\ReadHtmlCacheBehavior [ RunTime:0.000533s ]
INFO: [ app_begin ] --END-- [ RunTime:0.000589s ]
NOTIC: [8192] mysql_connect(): The mysql extension is deprecated and will be removed in the future: use mysqli or PDO instead /data/home/qxu2063020067/htdocs/ThinkPHP/Library/Think/Session/Driver/Db.class.php 第 95 行.
SQL: SHOW COLUMNS FROM `yz_pro_list` [ RunTime:0.0010s ]
SQL: SELECT * FROM `yz_pro_list`  [ RunTime:0.0010s ]
SQL: SHOW COLUMNS FROM `yz_copyright` [ RunTime:0.0007s ]
SQL: SELECT * FROM `yz_copyright` LIMIT 1   [ RunTime:0.0003s ]
SQL: SHOW COLUMNS FROM `yz_img` [ RunTime:0.0007s ]
SQL: SELECT * FROM `yz_img` WHERE ( type!=1 )  [ RunTime:0.0003s ]
SQL: SHOW COLUMNS FROM `yz_index` [ RunTime:0.0009s ]
SQL: SELECT * FROM `yz_index` LIMIT 1   [ RunTime:0.0006s ]
SQL: SELECT * FROM `yz_pro_list` ORDER BY sort asc  [ RunTime:0.0010s ]
SQL: SHOW COLUMNS FROM `yz_pro_dlist` [ RunTime:0.0006s ]
SQL: SELECT * FROM `yz_pro_dlist`  [ RunTime:0.0004s ]
SQL: SELECT * FROM `yz_pro_list` WHERE ( id=4 ) LIMIT 1   [ RunTime:0.0003s ]
SQL: SHOW COLUMNS FROM `yz_pro_road` [ RunTime:0.0007s ]
SQL: SELECT * FROM `yz_pro_road` WHERE ( type=4 )  [ RunTime:0.0005s ]
INFO: [ view_parse ] --START--
INFO: [ template_filter ] --START--
INFO: Run Behavior\ContentReplaceBehavior [ RunTime:0.000072s ]
INFO: [ template_filter ] --END-- [ RunTime:0.000139s ]
INFO: Run Behavior\ParseTemplateBehavior [ RunTime:0.012817s ]
INFO: [ view_parse ] --END-- [ RunTime:0.012872s ]
INFO: [ view_filter ] --START--
INFO: Run Behavior\WriteHtmlCacheBehavior [ RunTime:0.000302s ]
INFO: [ view_filter ] --END-- [ RunTime:0.000340s ]
INFO: [ app_end ] --START--
INFO: Run Behavior\ShowPageTraceBehavior [ RunTime:0.000568s ]
INFO: [ app_end ] --END-- [ RunTime:0.000616s ]

